<?xml version="1.0" encoding="UTF-8"?>
<!-- Generated by org.testng.reporters.JUnitXMLReporter -->
<testsuite hostname="Sandeeps-MacBook-Air.local" ignored="9" name="Default test" tests="4" failures="0" timestamp="2019-11-06T17:37:55 IST" time="52.315" errors="0">
  <testcase name="verifyUserLogin" time="0.568" classname="com.qa.splashmath.tests.HomeLoginPageTest"/>
  <testcase name="verifyUserLogin" time="0.584" classname="com.qa.splashmath.tests.HomeLoginPageTest"/>
  <testcase name="verifyUserLogin" time="0.477" classname="com.qa.splashmath.tests.HomeLoginPageTest"/>
  <testcase name="verifyUserLogin" time="0.525" classname="com.qa.splashmath.tests.HomeLoginPageTest"/>
  <testcase name="verifyFacebookButtonTest" time="0.0" classname="com.qa.splashmath.tests.HomeLoginPageTest">
    <ignored/>
  </testcase> <!-- verifyFacebookButtonTest -->
  <testcase name="verifyParentEmailFieldTest" time="0.0" classname="com.qa.splashmath.tests.HomeLoginPageTest">
    <ignored/>
  </testcase> <!-- verifyParentEmailFieldTest -->
  <testcase name="verifyCrossButtonTest" time="0.0" classname="com.qa.splashmath.tests.HomeLoginPageTest">
    <ignored/>
  </testcase> <!-- verifyCrossButtonTest -->
  <testcase name="verifyForgotPasswordLinkTest" time="0.0" classname="com.qa.splashmath.tests.HomeLoginPageTest">
    <ignored/>
  </testcase> <!-- verifyForgotPasswordLinkTest -->
  <testcase name="verifySplashmathLogoTest" time="0.0" classname="com.qa.splashmath.tests.HomeLoginPageTest">
    <ignored/>
  </testcase> <!-- verifySplashmathLogoTest -->
  <testcase name="verifyGoogleButtonTest" time="0.0" classname="com.qa.splashmath.tests.HomeLoginPageTest">
    <ignored/>
  </testcase> <!-- verifyGoogleButtonTest -->
  <testcase name="verifyPasswordFieldTest" time="0.0" classname="com.qa.splashmath.tests.HomeLoginPageTest">
    <ignored/>
  </testcase> <!-- verifyPasswordFieldTest -->
  <testcase name="verifyBackIconTest" time="0.0" classname="com.qa.splashmath.tests.HomeLoginPageTest">
    <ignored/>
  </testcase> <!-- verifyBackIconTest -->
  <testcase name="verifyLoginButtonTest" time="0.0" classname="com.qa.splashmath.tests.HomeLoginPageTest">
    <ignored/>
  </testcase> <!-- verifyLoginButtonTest -->
</testsuite> <!-- Default test -->
