<?xml version="1.0" encoding="UTF-8"?>
<!-- Generated by org.testng.reporters.JUnitXMLReporter -->
<testsuite hostname="Sandeeps-MacBook-Air.local" ignored="0" name="Default test" tests="6" failures="0" timestamp="07 Nov 2019 09:02:52 GMT" time="12.905" errors="0">
  <testcase name="verifyClassLoginIconTest" time="0.655" classname="com.qa.splashmath.tests.SignInPageTest"/>
  <testcase name="verifyCloseSignInPageIconTest" time="0.036" classname="com.qa.splashmath.tests.SignInPageTest"/>
  <testcase name="verifyHomeLoginIconTest" time="0.045" classname="com.qa.splashmath.tests.SignInPageTest"/>
  <testcase name="verifySignInPageHeaderTest" time="0.036" classname="com.qa.splashmath.tests.SignInPageTest"/>
  <testcase name="verifySplashmathLogoTest" time="0.032" classname="com.qa.splashmath.tests.SignInPageTest"/>
  <testcase name="verifyTeacherParentSignInLinkTest" time="0.064" classname="com.qa.splashmath.tests.SignInPageTest"/>
</testsuite> <!-- Default test -->
