<?xml version="1.0" encoding="UTF-8"?>
<testng-results skipped="0" failed="0" ignored="0" total="6" passed="6">
  <reporter-output>
  </reporter-output>
  <suite name="Default suite" duration-ms="12905" started-at="2019-11-07T09:02:39Z" finished-at="2019-11-07T09:02:52Z">
    <groups>
    </groups>
    <test name="Default test" duration-ms="12905" started-at="2019-11-07T09:02:39Z" finished-at="2019-11-07T09:02:52Z">
      <class name="com.qa.splashmath.tests.SignInPageTest">
        <test-method status="PASS" signature="setUp()[pri:0, instance:com.qa.splashmath.tests.SignInPageTest@5622fdf]" name="setUp" is-config="true" duration-ms="11880" started-at="2019-11-07T09:02:39Z" finished-at="2019-11-07T09:02:51Z">
          <reporter-output>
          </reporter-output>
        </test-method> <!-- setUp -->
        <test-method status="PASS" signature="verifyClassLoginIconTest()[pri:0, instance:com.qa.splashmath.tests.SignInPageTest@5622fdf]" name="verifyClassLoginIconTest" duration-ms="655" started-at="2019-11-07T09:02:51Z" finished-at="2019-11-07T09:02:52Z">
          <reporter-output>
          </reporter-output>
        </test-method> <!-- verifyClassLoginIconTest -->
        <test-method status="PASS" signature="verifyCloseSignInPageIconTest()[pri:0, instance:com.qa.splashmath.tests.SignInPageTest@5622fdf]" name="verifyCloseSignInPageIconTest" duration-ms="36" started-at="2019-11-07T09:02:52Z" finished-at="2019-11-07T09:02:52Z">
          <reporter-output>
          </reporter-output>
        </test-method> <!-- verifyCloseSignInPageIconTest -->
        <test-method status="PASS" signature="verifyHomeLoginIconTest()[pri:0, instance:com.qa.splashmath.tests.SignInPageTest@5622fdf]" name="verifyHomeLoginIconTest" duration-ms="45" started-at="2019-11-07T09:02:52Z" finished-at="2019-11-07T09:02:52Z">
          <reporter-output>
          </reporter-output>
        </test-method> <!-- verifyHomeLoginIconTest -->
        <test-method status="PASS" signature="verifySignInPageHeaderTest()[pri:0, instance:com.qa.splashmath.tests.SignInPageTest@5622fdf]" name="verifySignInPageHeaderTest" duration-ms="36" started-at="2019-11-07T09:02:52Z" finished-at="2019-11-07T09:02:52Z">
          <reporter-output>
          </reporter-output>
        </test-method> <!-- verifySignInPageHeaderTest -->
        <test-method status="PASS" signature="verifySplashmathLogoTest()[pri:0, instance:com.qa.splashmath.tests.SignInPageTest@5622fdf]" name="verifySplashmathLogoTest" duration-ms="32" started-at="2019-11-07T09:02:52Z" finished-at="2019-11-07T09:02:52Z">
          <reporter-output>
          </reporter-output>
        </test-method> <!-- verifySplashmathLogoTest -->
        <test-method status="PASS" signature="verifyTeacherParentSignInLinkTest()[pri:0, instance:com.qa.splashmath.tests.SignInPageTest@5622fdf]" name="verifyTeacherParentSignInLinkTest" duration-ms="64" started-at="2019-11-07T09:02:52Z" finished-at="2019-11-07T09:02:52Z">
          <reporter-output>
          </reporter-output>
        </test-method> <!-- verifyTeacherParentSignInLinkTest -->
        <test-method status="PASS" signature="tearDown()[pri:0, instance:com.qa.splashmath.tests.SignInPageTest@5622fdf]" name="tearDown" is-config="true" duration-ms="130" started-at="2019-11-07T09:02:52Z" finished-at="2019-11-07T09:02:52Z">
          <reporter-output>
          </reporter-output>
        </test-method> <!-- tearDown -->
      </class> <!-- com.qa.splashmath.tests.SignInPageTest -->
    </test> <!-- Default test -->
  </suite> <!-- Default suite -->
</testng-results>
